# JRE version: OpenJDK Runtime Environment Temurin-21.0.6+7 (21.0.6+7) (build 21.0.6+7-LTS)
# Java VM: OpenJDK 64-Bit Server VM Temurin-21.0.6+7 (21.0.6+7-LTS, mixed mode, sharing, tiered, compressed oops, compressed class ptrs, parallel gc, windows-amd64)
GC Precious Log:
 CardTable entry size: 512
 CPUs: 12 total, 12 available
 Memory: 16243M
 Large Page Support: Disabled
 NUMA Support: Disabled
 Compressed Oops: Enabled (32-bit)
 Alignments: Space 512K, Generation 512K, Heap 2M
 Heap Min Capacity: 100M
 Heap Initial Capacity: 100M
 Heap Max Capacity: 1G
 Pre-touch: Disabled
 Parallel Workers: 10
Heap:
 PSYoungGen      total 24064K, used 18524K [0x00000000eab00000, 0x00000000ec500000, 0x0000000100000000)
  eden space 21504K, 75% used [0x00000000eab00000,0x00000000ebae3688,0x00000000ec000000)
  from space 2560K, 88% used [0x00000000ec100000,0x00000000ec333c80,0x00000000ec380000)
  to   space 1536K, 0% used [0x00000000ec380000,0x00000000ec380000,0x00000000ec500000)
 ParOldGen       total 68608K, used 39049K [0x00000000c0000000, 0x00000000c4300000, 0x00000000eab00000)
  object space 68608K, 56% used [0x00000000c0000000,0x00000000c2622510,0x00000000c4300000)
 Metaspace       used 44533K, committed 45696K, reserved 1114112K
  class space    used 4616K, committed 5120K, reserved 1048576K
GC Heap History (20 events):
Event: 4.320 GC heap before
{Heap before GC invocations=16 (full 2):
 PSYoungGen      total 25600K, used 22016K [0x00000000eab00000, 0x00000000ec600000, 0x0000000100000000)
  eden space 22016K, 100% used [0x00000000eab00000,0x00000000ec080000,0x00000000ec080000)
  from space 3584K, 0% used [0x00000000ec080000,0x00000000ec080000,0x00000000ec400000)
  to   space 1536K, 0% used [0x00000000ec480000,0x00000000ec480000,0x00000000ec600000)
 ParOldGen       total 68608K, used 19124K [0x00000000c0000000, 0x00000000c4300000, 0x00000000eab00000)
  object space 68608K, 27% used [0x00000000c0000000,0x00000000c12ad228,0x00000000c4300000)
 Metaspace       used 36964K, committed 38144K, reserved 1114112K
  class space    used 3753K, committed 4288K, reserved 1048576K
}
Event: 4.322 GC heap after
{Heap after GC invocations=16 (full 2):
 PSYoungGen      total 23552K, used 1447K [0x00000000eab00000, 0x00000000ec600000, 0x0000000100000000)
  eden space 22016K, 0% used [0x00000000eab00000,0x00000000eab00000,0x00000000ec080000)
  from space 1536K, 94% used [0x00000000ec480000,0x00000000ec5e9d90,0x00000000ec600000)
  to   space 2048K, 0% used [0x00000000ec200000,0x00000000ec200000,0x00000000ec400000)
 ParOldGen       total 68608K, used 19913K [0x00000000c0000000, 0x00000000c4300000, 0x00000000eab00000)
  object space 68608K, 29% used [0x00000000c0000000,0x00000000c1372738,0x00000000c4300000)
 Metaspace       used 36964K, committed 38144K, reserved 1114112K
  class space    used 3753K, committed 4288K, reserved 1048576K
}
Event: 4.450 GC heap before
{Heap before GC invocations=17 (full 2):
 PSYoungGen      total 23552K, used 23463K [0x00000000eab00000, 0x00000000ec600000, 0x0000000100000000)
  eden space 22016K, 100% used [0x00000000eab00000,0x00000000ec080000,0x00000000ec080000)
  from space 1536K, 94% used [0x00000000ec480000,0x00000000ec5e9d90,0x00000000ec600000)
  to   space 2048K, 0% used [0x00000000ec200000,0x00000000ec200000,0x00000000ec400000)
 ParOldGen       total 68608K, used 19914K [0x00000000c0000000, 0x00000000c4300000, 0x00000000eab00000)
  object space 68608K, 29% used [0x00000000c0000000,0x00000000c1372b50,0x00000000c4300000)
 Metaspace       used 38829K, committed 40000K, reserved 1114112K
  class space    used 3946K, committed 4480K, reserved 1048576K
}
Event: 4.452 GC heap after
{Heap after GC invocations=17 (full 2):
 PSYoungGen      total 24064K, used 2025K [0x00000000eab00000, 0x00000000ecc80000, 0x0000000100000000)
  eden space 22016K, 0% used [0x00000000eab00000,0x00000000eab00000,0x00000000ec080000)
  from space 2048K, 98% used [0x00000000ec200000,0x00000000ec3fa650,0x00000000ec400000)
  to   space 6144K, 0% used [0x00000000ec680000,0x00000000ec680000,0x00000000ecc80000)
 ParOldGen       total 68608K, used 22908K [0x00000000c0000000, 0x00000000c4300000, 0x00000000eab00000)
  object space 68608K, 33% used [0x00000000c0000000,0x00000000c165f140,0x00000000c4300000)
 Metaspace       used 38829K, committed 40000K, reserved 1114112K
  class space    used 3946K, committed 4480K, reserved 1048576K
}
Event: 4.599 GC heap before
{Heap before GC invocations=18 (full 2):
 PSYoungGen      total 24064K, used 24041K [0x00000000eab00000, 0x00000000ecc80000, 0x0000000100000000)
  eden space 22016K, 100% used [0x00000000eab00000,0x00000000ec080000,0x00000000ec080000)
  from space 2048K, 98% used [0x00000000ec200000,0x00000000ec3fa650,0x00000000ec400000)
  to   space 6144K, 0% used [0x00000000ec680000,0x00000000ec680000,0x00000000ecc80000)
 ParOldGen       total 68608K, used 22926K [0x00000000c0000000, 0x00000000c4300000, 0x00000000eab00000)
  object space 68608K, 33% used [0x00000000c0000000,0x00000000c1663a60,0x00000000c4300000)
 Metaspace       used 40213K, committed 41408K, reserved 1114112K
  class space    used 4108K, committed 4672K, reserved 1048576K
}
Event: 4.601 GC heap after
{Heap after GC invocations=18 (full 2):
 PSYoungGen      total 24064K, used 1579K [0x00000000eab00000, 0x00000000ec880000, 0x0000000100000000)
  eden space 22016K, 0% used [0x00000000eab00000,0x00000000eab00000,0x00000000ec080000)
  from space 2048K, 77% used [0x00000000ec680000,0x00000000ec80ac18,0x00000000ec880000)
  to   space 3072K, 0% used [0x00000000ec280000,0x00000000ec280000,0x00000000ec580000)
 ParOldGen       total 68608K, used 24720K [0x00000000c0000000, 0x00000000c4300000, 0x00000000eab00000)
  object space 68608K, 36% used [0x00000000c0000000,0x00000000c18241c8,0x00000000c4300000)
 Metaspace       used 40213K, committed 41408K, reserved 1114112K
  class space    used 4108K, committed 4672K, reserved 1048576K
}
Event: 4.711 GC heap before
{Heap before GC invocations=19 (full 2):
 PSYoungGen      total 24064K, used 23595K [0x00000000eab00000, 0x00000000ec880000, 0x0000000100000000)
  eden space 22016K, 100% used [0x00000000eab00000,0x00000000ec080000,0x00000000ec080000)
  from space 2048K, 77% used [0x00000000ec680000,0x00000000ec80ac18,0x00000000ec880000)
  to   space 3072K, 0% used [0x00000000ec280000,0x00000000ec280000,0x00000000ec580000)
 ParOldGen       total 68608K, used 24720K [0x00000000c0000000, 0x00000000c4300000, 0x00000000eab00000)
  object space 68608K, 36% used [0x00000000c0000000,0x00000000c18241c8,0x00000000c4300000)
 Metaspace       used 40841K, committed 41984K, reserved 1114112K
  class space    used 4176K, committed 4736K, reserved 1048576K
}
Event: 4.714 GC heap after
{Heap after GC invocations=19 (full 2):
 PSYoungGen      total 25088K, used 2586K [0x00000000eab00000, 0x00000000ec700000, 0x0000000100000000)
  eden space 22016K, 0% used [0x00000000eab00000,0x00000000eab00000,0x00000000ec080000)
  from space 3072K, 84% used [0x00000000ec280000,0x00000000ec506838,0x00000000ec580000)
  to   space 1536K, 0% used [0x00000000ec580000,0x00000000ec580000,0x00000000ec700000)
 ParOldGen       total 68608K, used 26072K [0x00000000c0000000, 0x00000000c4300000, 0x00000000eab00000)
  object space 68608K, 38% used [0x00000000c0000000,0x00000000c19761d8,0x00000000c4300000)
 Metaspace       used 40841K, committed 41984K, reserved 1114112K
  class space    used 4176K, committed 4736K, reserved 1048576K
}
Event: 4.794 GC heap before
{Heap before GC invocations=20 (full 2):
 PSYoungGen      total 25088K, used 24602K [0x00000000eab00000, 0x00000000ec700000, 0x0000000100000000)
  eden space 22016K, 100% used [0x00000000eab00000,0x00000000ec080000,0x00000000ec080000)
  from space 3072K, 84% used [0x00000000ec280000,0x00000000ec506838,0x00000000ec580000)
  to   space 1536K, 0% used [0x00000000ec580000,0x00000000ec580000,0x00000000ec700000)
 ParOldGen       total 68608K, used 26072K [0x00000000c0000000, 0x00000000c4300000, 0x00000000eab00000)
  object space 68608K, 38% used [0x00000000c0000000,0x00000000c19761d8,0x00000000c4300000)
 Metaspace       used 41268K, committed 42496K, reserved 1114112K
  class space    used 4236K, committed 4800K, reserved 1048576K
}
Event: 4.796 GC heap after
{Heap after GC invocations=20 (full 2):
 PSYoungGen      total 23040K, used 1528K [0x00000000eab00000, 0x00000000ecb80000, 0x0000000100000000)
  eden space 21504K, 0% used [0x00000000eab00000,0x00000000eab00000,0x00000000ec000000)
  from space 1536K, 99% used [0x00000000ec580000,0x00000000ec6fe008,0x00000000ec700000)
  to   space 5632K, 0% used [0x00000000ec000000,0x00000000ec000000,0x00000000ec580000)
 ParOldGen       total 68608K, used 29550K [0x00000000c0000000, 0x00000000c4300000, 0x00000000eab00000)
  object space 68608K, 43% used [0x00000000c0000000,0x00000000c1cdbbf0,0x00000000c4300000)
 Metaspace       used 41268K, committed 42496K, reserved 1114112K
  class space    used 4236K, committed 4800K, reserved 1048576K
}
Event: 4.906 GC heap before
{Heap before GC invocations=21 (full 2):
 PSYoungGen      total 23040K, used 23032K [0x00000000eab00000, 0x00000000ecb80000, 0x0000000100000000)
  eden space 21504K, 100% used [0x00000000eab00000,0x00000000ec000000,0x00000000ec000000)
  from space 1536K, 99% used [0x00000000ec580000,0x00000000ec6fe008,0x00000000ec700000)
  to   space 5632K, 0% used [0x00000000ec000000,0x00000000ec000000,0x00000000ec580000)
 ParOldGen       total 68608K, used 29550K [0x00000000c0000000, 0x00000000c4300000, 0x00000000eab00000)
  object space 68608K, 43% used [0x00000000c0000000,0x00000000c1cdbbf0,0x00000000c4300000)
 Metaspace       used 41973K, committed 43200K, reserved 1114112K
  class space    used 4318K, committed 4864K, reserved 1048576K
}
Event: 4.907 GC heap after
{Heap after GC invocations=21 (full 2):
 PSYoungGen      total 23552K, used 2048K [0x00000000eab00000, 0x00000000ec700000, 0x0000000100000000)
  eden space 21504K, 0% used [0x00000000eab00000,0x00000000eab00000,0x00000000ec000000)
  from space 2048K, 100% used [0x00000000ec000000,0x00000000ec200000,0x00000000ec200000)
  to   space 3584K, 0% used [0x00000000ec380000,0x00000000ec380000,0x00000000ec700000)
 ParOldGen       total 68608K, used 31030K [0x00000000c0000000, 0x00000000c4300000, 0x00000000eab00000)
  object space 68608K, 45% used [0x00000000c0000000,0x00000000c1e4dbf8,0x00000000c4300000)
 Metaspace       used 41973K, committed 43200K, reserved 1114112K
  class space    used 4318K, committed 4864K, reserved 1048576K
}
Event: 5.009 GC heap before
{Heap before GC invocations=22 (full 2):
 PSYoungGen      total 23552K, used 23552K [0x00000000eab00000, 0x00000000ec700000, 0x0000000100000000)
  eden space 21504K, 100% used [0x00000000eab00000,0x00000000ec000000,0x00000000ec000000)
  from space 2048K, 100% used [0x00000000ec000000,0x00000000ec200000,0x00000000ec200000)
  to   space 3584K, 0% used [0x00000000ec380000,0x00000000ec380000,0x00000000ec700000)
 ParOldGen       total 68608K, used 31030K [0x00000000c0000000, 0x00000000c4300000, 0x00000000eab00000)
  object space 68608K, 45% used [0x00000000c0000000,0x00000000c1e4dbf8,0x00000000c4300000)
 Metaspace       used 42601K, committed 43776K, reserved 1114112K
  class space    used 4388K, committed 4928K, reserved 1048576K
}
Event: 5.011 GC heap after
{Heap after GC invocations=22 (full 2):
 PSYoungGen      total 24064K, used 2198K [0x00000000eab00000, 0x00000000ec600000, 0x0000000100000000)
  eden space 21504K, 0% used [0x00000000eab00000,0x00000000eab00000,0x00000000ec000000)
  from space 2560K, 85% used [0x00000000ec380000,0x00000000ec5a58a8,0x00000000ec600000)
  to   space 2560K, 0% used [0x00000000ec100000,0x00000000ec100000,0x00000000ec380000)
 ParOldGen       total 68608K, used 32874K [0x00000000c0000000, 0x00000000c4300000, 0x00000000eab00000)
  object space 68608K, 47% used [0x00000000c0000000,0x00000000c201a808,0x00000000c4300000)
 Metaspace       used 42601K, committed 43776K, reserved 1114112K
  class space    used 4388K, committed 4928K, reserved 1048576K
}
Event: 5.097 GC heap before
{Heap before GC invocations=23 (full 2):
 PSYoungGen      total 24064K, used 23702K [0x00000000eab00000, 0x00000000ec600000, 0x0000000100000000)
  eden space 21504K, 100% used [0x00000000eab00000,0x00000000ec000000,0x00000000ec000000)
  from space 2560K, 85% used [0x00000000ec380000,0x00000000ec5a58a8,0x00000000ec600000)
  to   space 2560K, 0% used [0x00000000ec100000,0x00000000ec100000,0x00000000ec380000)
 ParOldGen       total 68608K, used 32874K [0x00000000c0000000, 0x00000000c4300000, 0x00000000eab00000)
  object space 68608K, 47% used [0x00000000c0000000,0x00000000c201a808,0x00000000c4300000)
 Metaspace       used 43099K, committed 44288K, reserved 1114112K
  class space    used 4452K, committed 4992K, reserved 1048576K
}
Event: 5.099 GC heap after
{Heap after GC invocations=23 (full 2):
 PSYoungGen      total 24064K, used 2544K [0x00000000eab00000, 0x00000000ec600000, 0x0000000100000000)
  eden space 21504K, 0% used [0x00000000eab00000,0x00000000eab00000,0x00000000ec000000)
  from space 2560K, 99% used [0x00000000ec100000,0x00000000ec37c008,0x00000000ec380000)
  to   space 2560K, 0% used [0x00000000ec380000,0x00000000ec380000,0x00000000ec600000)
 ParOldGen       total 68608K, used 34770K [0x00000000c0000000, 0x00000000c4300000, 0x00000000eab00000)
  object space 68608K, 50% used [0x00000000c0000000,0x00000000c21f4808,0x00000000c4300000)
 Metaspace       used 43099K, committed 44288K, reserved 1114112K
  class space    used 4452K, committed 4992K, reserved 1048576K
}
Event: 5.184 GC heap before
{Heap before GC invocations=24 (full 2):
 PSYoungGen      total 24064K, used 24048K [0x00000000eab00000, 0x00000000ec600000, 0x0000000100000000)
  eden space 21504K, 100% used [0x00000000eab00000,0x00000000ec000000,0x00000000ec000000)
  from space 2560K, 99% used [0x00000000ec100000,0x00000000ec37c008,0x00000000ec380000)
  to   space 2560K, 0% used [0x00000000ec380000,0x00000000ec380000,0x00000000ec600000)
 ParOldGen       total 68608K, used 34770K [0x00000000c0000000, 0x00000000c4300000, 0x00000000eab00000)
  object space 68608K, 50% used [0x00000000c0000000,0x00000000c21f4808,0x00000000c4300000)
 Metaspace       used 43542K, committed 44736K, reserved 1114112K
  class space    used 4508K, committed 5056K, reserved 1048576K
}
Event: 5.187 GC heap after
{Heap after GC invocations=24 (full 2):
 PSYoungGen      total 24064K, used 2224K [0x00000000eab00000, 0x00000000ec600000, 0x0000000100000000)
  eden space 21504K, 0% used [0x00000000eab00000,0x00000000eab00000,0x00000000ec000000)
  from space 2560K, 86% used [0x00000000ec380000,0x00000000ec5ac010,0x00000000ec600000)
  to   space 2560K, 0% used [0x00000000ec100000,0x00000000ec100000,0x00000000ec380000)
 ParOldGen       total 68608K, used 37106K [0x00000000c0000000, 0x00000000c4300000, 0x00000000eab00000)
  object space 68608K, 54% used [0x00000000c0000000,0x00000000c243c810,0x00000000c4300000)
 Metaspace       used 43542K, committed 44736K, reserved 1114112K
  class space    used 4508K, committed 5056K, reserved 1048576K
}
Event: 5.249 GC heap before
{Heap before GC invocations=25 (full 2):
 PSYoungGen      total 24064K, used 23728K [0x00000000eab00000, 0x00000000ec600000, 0x0000000100000000)
  eden space 21504K, 100% used [0x00000000eab00000,0x00000000ec000000,0x00000000ec000000)
  from space 2560K, 86% used [0x00000000ec380000,0x00000000ec5ac010,0x00000000ec600000)
  to   space 2560K, 0% used [0x00000000ec100000,0x00000000ec100000,0x00000000ec380000)
 ParOldGen       total 68608K, used 37106K [0x00000000c0000000, 0x00000000c4300000, 0x00000000eab00000)
  object space 68608K, 54% used [0x00000000c0000000,0x00000000c243c810,0x00000000c4300000)
 Metaspace       used 44074K, committed 45248K, reserved 1114112K
  class space    used 4575K, committed 5120K, reserved 1048576K
}
Event: 5.251 GC heap after
{Heap after GC invocations=25 (full 2):
 PSYoungGen      total 24064K, used 2255K [0x00000000eab00000, 0x00000000ec500000, 0x0000000100000000)
  eden space 21504K, 0% used [0x00000000eab00000,0x00000000eab00000,0x00000000ec000000)
  from space 2560K, 88% used [0x00000000ec100000,0x00000000ec333c80,0x00000000ec380000)
  to   space 1536K, 0% used [0x00000000ec380000,0x00000000ec380000,0x00000000ec500000)
 ParOldGen       total 68608K, used 39049K [0x00000000c0000000, 0x00000000c4300000, 0x00000000eab00000)
  object space 68608K, 56% used [0x00000000c0000000,0x00000000c2622510,0x00000000c4300000)
 Metaspace       used 44074K, committed 45248K, reserved 1114112K
  class space    used 4575K, committed 5120K, reserved 1048576K
}

