# JRE version: OpenJDK Runtime Environment Temurin-21.0.6+7 (21.0.6+7) (build 21.0.6+7-LTS)
# Java VM: OpenJDK 64-Bit Server VM Temurin-21.0.6+7 (21.0.6+7-LTS, mixed mode, sharing, tiered, compressed oops, compressed class ptrs, parallel gc, windows-amd64)
GC Precious Log:
 CardTable entry size: 512
 CPUs: 12 total, 12 available
 Memory: 16243M
 Large Page Support: Disabled
 NUMA Support: Disabled
 Compressed Oops: Enabled (32-bit)
 Alignments: Space 512K, Generation 512K, Heap 2M
 Heap Min Capacity: 100M
 Heap Initial Capacity: 100M
 Heap Max Capacity: 1G
 Pre-touch: Disabled
 Parallel Workers: 10
Heap:
 PSYoungGen      total 11776K, used 6337K [0x00000000eab00000, 0x00000000eb900000, 0x0000000100000000)
  eden space 9728K, 45% used [0x00000000eab00000,0x00000000eaf5a3e0,0x00000000eb480000)
  from space 2048K, 91% used [0x00000000eb580000,0x00000000eb756358,0x00000000eb780000)
  to   space 1536K, 0% used [0x00000000eb780000,0x00000000eb780000,0x00000000eb900000)
 ParOldGen       total 121344K, used 121205K [0x00000000c0000000, 0x00000000c7680000, 0x00000000eab00000)
  object space 121344K, 99% used [0x00000000c0000000,0x00000000c765d4c8,0x00000000c7680000)
 Metaspace       used 55467K, committed 56768K, reserved 1114112K
  class space    used 5744K, committed 6336K, reserved 1048576K
GC Heap History (20 events):
Event: 11.957 GC heap before
{Heap before GC invocations=75 (full 2):
 PSYoungGen      total 11264K, used 11082K [0x00000000eab00000, 0x00000000eb780000, 0x0000000100000000)
  eden space 9728K, 100% used [0x00000000eab00000,0x00000000eb480000,0x00000000eb480000)
  from space 1536K, 88% used [0x00000000eb600000,0x00000000eb752968,0x00000000eb780000)
  to   space 1536K, 0% used [0x00000000eb480000,0x00000000eb480000,0x00000000eb600000)
 ParOldGen       total 109568K, used 109524K [0x00000000c0000000, 0x00000000c6b00000, 0x00000000eab00000)
  object space 109568K, 99% used [0x00000000c0000000,0x00000000c6af52d0,0x00000000c6b00000)
 Metaspace       used 54279K, committed 55616K, reserved 1114112K
  class space    used 5636K, committed 6272K, reserved 1048576K
}
Event: 11.959 GC heap after
{Heap after GC invocations=75 (full 2):
 PSYoungGen      total 11264K, used 1136K [0x00000000eab00000, 0x00000000eb780000, 0x0000000100000000)
  eden space 9728K, 0% used [0x00000000eab00000,0x00000000eab00000,0x00000000eb480000)
  from space 1536K, 73% used [0x00000000eb480000,0x00000000eb59c010,0x00000000eb600000)
  to   space 1536K, 0% used [0x00000000eb600000,0x00000000eb600000,0x00000000eb780000)
 ParOldGen       total 110592K, used 110580K [0x00000000c0000000, 0x00000000c6c00000, 0x00000000eab00000)
  object space 110592K, 99% used [0x00000000c0000000,0x00000000c6bfd2d0,0x00000000c6c00000)
 Metaspace       used 54279K, committed 55616K, reserved 1114112K
  class space    used 5636K, committed 6272K, reserved 1048576K
}
Event: 11.984 GC heap before
{Heap before GC invocations=76 (full 2):
 PSYoungGen      total 11264K, used 10864K [0x00000000eab00000, 0x00000000eb780000, 0x0000000100000000)
  eden space 9728K, 100% used [0x00000000eab00000,0x00000000eb480000,0x00000000eb480000)
  from space 1536K, 73% used [0x00000000eb480000,0x00000000eb59c010,0x00000000eb600000)
  to   space 1536K, 0% used [0x00000000eb600000,0x00000000eb600000,0x00000000eb780000)
 ParOldGen       total 110592K, used 110580K [0x00000000c0000000, 0x00000000c6c00000, 0x00000000eab00000)
  object space 110592K, 99% used [0x00000000c0000000,0x00000000c6bfd2d0,0x00000000c6c00000)
 Metaspace       used 54331K, committed 55680K, reserved 1114112K
  class space    used 5636K, committed 6272K, reserved 1048576K
}
Event: 11.986 GC heap after
{Heap after GC invocations=76 (full 2):
 PSYoungGen      total 11264K, used 1184K [0x00000000eab00000, 0x00000000eb780000, 0x0000000100000000)
  eden space 9728K, 0% used [0x00000000eab00000,0x00000000eab00000,0x00000000eb480000)
  from space 1536K, 77% used [0x00000000eb600000,0x00000000eb728000,0x00000000eb780000)
  to   space 1536K, 0% used [0x00000000eb480000,0x00000000eb480000,0x00000000eb600000)
 ParOldGen       total 111616K, used 111576K [0x00000000c0000000, 0x00000000c6d00000, 0x00000000eab00000)
  object space 111616K, 99% used [0x00000000c0000000,0x00000000c6cf62e0,0x00000000c6d00000)
 Metaspace       used 54331K, committed 55680K, reserved 1114112K
  class space    used 5636K, committed 6272K, reserved 1048576K
}
Event: 12.019 GC heap before
{Heap before GC invocations=77 (full 2):
 PSYoungGen      total 11264K, used 10912K [0x00000000eab00000, 0x00000000eb780000, 0x0000000100000000)
  eden space 9728K, 100% used [0x00000000eab00000,0x00000000eb480000,0x00000000eb480000)
  from space 1536K, 77% used [0x00000000eb600000,0x00000000eb728000,0x00000000eb780000)
  to   space 1536K, 0% used [0x00000000eb480000,0x00000000eb480000,0x00000000eb600000)
 ParOldGen       total 111616K, used 111576K [0x00000000c0000000, 0x00000000c6d00000, 0x00000000eab00000)
  object space 111616K, 99% used [0x00000000c0000000,0x00000000c6cf62e0,0x00000000c6d00000)
 Metaspace       used 54453K, committed 55808K, reserved 1114112K
  class space    used 5636K, committed 6272K, reserved 1048576K
}
Event: 12.022 GC heap after
{Heap after GC invocations=77 (full 2):
 PSYoungGen      total 11264K, used 1280K [0x00000000eab00000, 0x00000000eb780000, 0x0000000100000000)
  eden space 9728K, 0% used [0x00000000eab00000,0x00000000eab00000,0x00000000eb480000)
  from space 1536K, 83% used [0x00000000eb480000,0x00000000eb5c0000,0x00000000eb600000)
  to   space 1536K, 0% used [0x00000000eb600000,0x00000000eb600000,0x00000000eb780000)
 ParOldGen       total 112640K, used 112600K [0x00000000c0000000, 0x00000000c6e00000, 0x00000000eab00000)
  object space 112640K, 99% used [0x00000000c0000000,0x00000000c6df62e0,0x00000000c6e00000)
 Metaspace       used 54453K, committed 55808K, reserved 1114112K
  class space    used 5636K, committed 6272K, reserved 1048576K
}
Event: 12.056 GC heap before
{Heap before GC invocations=78 (full 2):
 PSYoungGen      total 11264K, used 11008K [0x00000000eab00000, 0x00000000eb780000, 0x0000000100000000)
  eden space 9728K, 100% used [0x00000000eab00000,0x00000000eb480000,0x00000000eb480000)
  from space 1536K, 83% used [0x00000000eb480000,0x00000000eb5c0000,0x00000000eb600000)
  to   space 1536K, 0% used [0x00000000eb600000,0x00000000eb600000,0x00000000eb780000)
 ParOldGen       total 112640K, used 112600K [0x00000000c0000000, 0x00000000c6e00000, 0x00000000eab00000)
  object space 112640K, 99% used [0x00000000c0000000,0x00000000c6df62e0,0x00000000c6e00000)
 Metaspace       used 54552K, committed 55872K, reserved 1114112K
  class space    used 5637K, committed 6272K, reserved 1048576K
}
Event: 12.058 GC heap after
{Heap after GC invocations=78 (full 2):
 PSYoungGen      total 11264K, used 1280K [0x00000000eab00000, 0x00000000eb780000, 0x0000000100000000)
  eden space 9728K, 0% used [0x00000000eab00000,0x00000000eab00000,0x00000000eb480000)
  from space 1536K, 83% used [0x00000000eb600000,0x00000000eb740010,0x00000000eb780000)
  to   space 1536K, 0% used [0x00000000eb480000,0x00000000eb480000,0x00000000eb600000)
 ParOldGen       total 114176K, used 113680K [0x00000000c0000000, 0x00000000c6f80000, 0x00000000eab00000)
  object space 114176K, 99% used [0x00000000c0000000,0x00000000c6f042e0,0x00000000c6f80000)
 Metaspace       used 54552K, committed 55872K, reserved 1114112K
  class space    used 5637K, committed 6272K, reserved 1048576K
}
Event: 12.081 GC heap before
{Heap before GC invocations=79 (full 2):
 PSYoungGen      total 11264K, used 11008K [0x00000000eab00000, 0x00000000eb780000, 0x0000000100000000)
  eden space 9728K, 100% used [0x00000000eab00000,0x00000000eb480000,0x00000000eb480000)
  from space 1536K, 83% used [0x00000000eb600000,0x00000000eb740010,0x00000000eb780000)
  to   space 1536K, 0% used [0x00000000eb480000,0x00000000eb480000,0x00000000eb600000)
 ParOldGen       total 114176K, used 113680K [0x00000000c0000000, 0x00000000c6f80000, 0x00000000eab00000)
  object space 114176K, 99% used [0x00000000c0000000,0x00000000c6f042e0,0x00000000c6f80000)
 Metaspace       used 54620K, committed 56000K, reserved 1114112K
  class space    used 5646K, committed 6272K, reserved 1048576K
}
Event: 12.083 GC heap after
{Heap after GC invocations=79 (full 2):
 PSYoungGen      total 11264K, used 1206K [0x00000000eab00000, 0x00000000eb780000, 0x0000000100000000)
  eden space 9728K, 0% used [0x00000000eab00000,0x00000000eab00000,0x00000000eb480000)
  from space 1536K, 78% used [0x00000000eb480000,0x00000000eb5ad980,0x00000000eb600000)
  to   space 1536K, 0% used [0x00000000eb600000,0x00000000eb600000,0x00000000eb780000)
 ParOldGen       total 115200K, used 114772K [0x00000000c0000000, 0x00000000c7080000, 0x00000000eab00000)
  object space 115200K, 99% used [0x00000000c0000000,0x00000000c70152f0,0x00000000c7080000)
 Metaspace       used 54620K, committed 56000K, reserved 1114112K
  class space    used 5646K, committed 6272K, reserved 1048576K
}
Event: 12.137 GC heap before
{Heap before GC invocations=80 (full 2):
 PSYoungGen      total 11264K, used 10934K [0x00000000eab00000, 0x00000000eb780000, 0x0000000100000000)
  eden space 9728K, 100% used [0x00000000eab00000,0x00000000eb480000,0x00000000eb480000)
  from space 1536K, 78% used [0x00000000eb480000,0x00000000eb5ad980,0x00000000eb600000)
  to   space 1536K, 0% used [0x00000000eb600000,0x00000000eb600000,0x00000000eb780000)
 ParOldGen       total 115200K, used 114772K [0x00000000c0000000, 0x00000000c7080000, 0x00000000eab00000)
  object space 115200K, 99% used [0x00000000c0000000,0x00000000c70152f0,0x00000000c7080000)
 Metaspace       used 54820K, committed 56192K, reserved 1114112K
  class space    used 5669K, committed 6272K, reserved 1048576K
}
Event: 12.140 GC heap after
{Heap after GC invocations=80 (full 2):
 PSYoungGen      total 11264K, used 1152K [0x00000000eab00000, 0x00000000eb780000, 0x0000000100000000)
  eden space 9728K, 0% used [0x00000000eab00000,0x00000000eab00000,0x00000000eb480000)
  from space 1536K, 75% used [0x00000000eb600000,0x00000000eb720000,0x00000000eb780000)
  to   space 1536K, 0% used [0x00000000eb480000,0x00000000eb480000,0x00000000eb600000)
 ParOldGen       total 116224K, used 115764K [0x00000000c0000000, 0x00000000c7180000, 0x00000000eab00000)
  object space 116224K, 99% used [0x00000000c0000000,0x00000000c710d310,0x00000000c7180000)
 Metaspace       used 54820K, committed 56192K, reserved 1114112K
  class space    used 5669K, committed 6272K, reserved 1048576K
}
Event: 12.184 GC heap before
{Heap before GC invocations=81 (full 2):
 PSYoungGen      total 11264K, used 10880K [0x00000000eab00000, 0x00000000eb780000, 0x0000000100000000)
  eden space 9728K, 100% used [0x00000000eab00000,0x00000000eb480000,0x00000000eb480000)
  from space 1536K, 75% used [0x00000000eb600000,0x00000000eb720000,0x00000000eb780000)
  to   space 1536K, 0% used [0x00000000eb480000,0x00000000eb480000,0x00000000eb600000)
 ParOldGen       total 116224K, used 115780K [0x00000000c0000000, 0x00000000c7180000, 0x00000000eab00000)
  object space 116224K, 99% used [0x00000000c0000000,0x00000000c7111320,0x00000000c7180000)
 Metaspace       used 55054K, committed 56384K, reserved 1114112K
  class space    used 5707K, committed 6336K, reserved 1048576K
}
Event: 12.185 GC heap after
{Heap after GC invocations=81 (full 2):
 PSYoungGen      total 11264K, used 1088K [0x00000000eab00000, 0x00000000eb780000, 0x0000000100000000)
  eden space 9728K, 0% used [0x00000000eab00000,0x00000000eab00000,0x00000000eb480000)
  from space 1536K, 70% used [0x00000000eb480000,0x00000000eb590000,0x00000000eb600000)
  to   space 1536K, 0% used [0x00000000eb600000,0x00000000eb600000,0x00000000eb780000)
 ParOldGen       total 117248K, used 116772K [0x00000000c0000000, 0x00000000c7280000, 0x00000000eab00000)
  object space 117248K, 99% used [0x00000000c0000000,0x00000000c7209330,0x00000000c7280000)
 Metaspace       used 55054K, committed 56384K, reserved 1114112K
  class space    used 5707K, committed 6336K, reserved 1048576K
}
Event: 12.224 GC heap before
{Heap before GC invocations=82 (full 2):
 PSYoungGen      total 11264K, used 10816K [0x00000000eab00000, 0x00000000eb780000, 0x0000000100000000)
  eden space 9728K, 100% used [0x00000000eab00000,0x00000000eb480000,0x00000000eb480000)
  from space 1536K, 70% used [0x00000000eb480000,0x00000000eb590000,0x00000000eb600000)
  to   space 1536K, 0% used [0x00000000eb600000,0x00000000eb600000,0x00000000eb780000)
 ParOldGen       total 117248K, used 116775K [0x00000000c0000000, 0x00000000c7280000, 0x00000000eab00000)
  object space 117248K, 99% used [0x00000000c0000000,0x00000000c7209f50,0x00000000c7280000)
 Metaspace       used 55287K, committed 56640K, reserved 1114112K
  class space    used 5732K, committed 6336K, reserved 1048576K
}
Event: 12.226 GC heap after
{Heap after GC invocations=82 (full 2):
 PSYoungGen      total 11264K, used 1120K [0x00000000eab00000, 0x00000000eb780000, 0x0000000100000000)
  eden space 9728K, 0% used [0x00000000eab00000,0x00000000eab00000,0x00000000eb480000)
  from space 1536K, 72% used [0x00000000eb600000,0x00000000eb718000,0x00000000eb780000)
  to   space 1536K, 0% used [0x00000000eb480000,0x00000000eb480000,0x00000000eb600000)
 ParOldGen       total 117760K, used 117719K [0x00000000c0000000, 0x00000000c7300000, 0x00000000eab00000)
  object space 117760K, 99% used [0x00000000c0000000,0x00000000c72f5f50,0x00000000c7300000)
 Metaspace       used 55287K, committed 56640K, reserved 1114112K
  class space    used 5732K, committed 6336K, reserved 1048576K
}
Event: 12.249 GC heap before
{Heap before GC invocations=83 (full 2):
 PSYoungGen      total 11264K, used 10848K [0x00000000eab00000, 0x00000000eb780000, 0x0000000100000000)
  eden space 9728K, 100% used [0x00000000eab00000,0x00000000eb480000,0x00000000eb480000)
  from space 1536K, 72% used [0x00000000eb600000,0x00000000eb718000,0x00000000eb780000)
  to   space 1536K, 0% used [0x00000000eb480000,0x00000000eb480000,0x00000000eb600000)
 ParOldGen       total 117760K, used 117719K [0x00000000c0000000, 0x00000000c7300000, 0x00000000eab00000)
  object space 117760K, 99% used [0x00000000c0000000,0x00000000c72f5f50,0x00000000c7300000)
 Metaspace       used 55444K, committed 56768K, reserved 1114112K
  class space    used 5744K, committed 6336K, reserved 1048576K
}
Event: 12.252 GC heap after
{Heap after GC invocations=83 (full 2):
 PSYoungGen      total 11264K, used 1530K [0x00000000eab00000, 0x00000000ebc80000, 0x0000000100000000)
  eden space 9728K, 0% used [0x00000000eab00000,0x00000000eab00000,0x00000000eb480000)
  from space 1536K, 99% used [0x00000000eb480000,0x00000000eb5fea40,0x00000000eb600000)
  to   space 4096K, 0% used [0x00000000eb880000,0x00000000eb880000,0x00000000ebc80000)
 ParOldGen       total 119808K, used 119416K [0x00000000c0000000, 0x00000000c7500000, 0x00000000eab00000)
  object space 119808K, 99% used [0x00000000c0000000,0x00000000c749e008,0x00000000c7500000)
 Metaspace       used 55444K, committed 56768K, reserved 1114112K
  class space    used 5744K, committed 6336K, reserved 1048576K
}
Event: 12.271 GC heap before
{Heap before GC invocations=84 (full 2):
 PSYoungGen      total 11264K, used 11258K [0x00000000eab00000, 0x00000000ebc80000, 0x0000000100000000)
  eden space 9728K, 100% used [0x00000000eab00000,0x00000000eb480000,0x00000000eb480000)
  from space 1536K, 99% used [0x00000000eb480000,0x00000000eb5fea40,0x00000000eb600000)
  to   space 4096K, 0% used [0x00000000eb880000,0x00000000eb880000,0x00000000ebc80000)
 ParOldGen       total 119808K, used 119416K [0x00000000c0000000, 0x00000000c7500000, 0x00000000eab00000)
  object space 119808K, 99% used [0x00000000c0000000,0x00000000c749e008,0x00000000c7500000)
 Metaspace       used 55454K, committed 56768K, reserved 1114112K
  class space    used 5744K, committed 6336K, reserved 1048576K
}
Event: 12.504 GC heap after
{Heap after GC invocations=84 (full 2):
 PSYoungGen      total 11776K, used 1794K [0x00000000eab00000, 0x00000000eba80000, 0x0000000100000000)
  eden space 9728K, 0% used [0x00000000eab00000,0x00000000eab00000,0x00000000eb480000)
  from space 2048K, 87% used [0x00000000eb880000,0x00000000eba40818,0x00000000eba80000)
  to   space 2560K, 0% used [0x00000000eb580000,0x00000000eb580000,0x00000000eb800000)
 ParOldGen       total 120832K, used 120709K [0x00000000c0000000, 0x00000000c7600000, 0x00000000eab00000)
  object space 120832K, 99% used [0x00000000c0000000,0x00000000c75e14c8,0x00000000c7600000)
 Metaspace       used 55454K, committed 56768K, reserved 1114112K
  class space    used 5744K, committed 6336K, reserved 1048576K
}

